<?xml version="1.0" encoding="UTF-8"?>
<!-- Generated by org.testng.reporters.JUnitReportReporter -->
<testsuite hostname="NT175S" failures="0" tests="2" name="Android.test.First" time="95.696" errors="0" timestamp="2019-12-15T11:36:27 CLST" skipped="0">
  <testcase classname="Android.test.First" name="Test2" time="48.730"/>
  <testcase classname="Android.test.First" name="Test" time="46.966"/>
</testsuite> <!-- Android.test.First -->
